[31merror[39m: [CreateMappingConfig] uncaughtException: Failed to compare sentences: sentenceSimilarity.compare is not a function 
{
  date: [32m'Wed Jul 02 2025 18:56:42 GMT-0700 (Pacific Daylight Time)'[39m,
  process: {
    pid: [33m81650[39m,
    uid: [33m501[39m,
    gid: [33m20[39m,
    cwd: [32m'/Users/jeremy/Documents/Code/civics100'[39m,
    execPath: [32m'/Users/jeremy/.nvm/versions/node/v23.9.0/bin/node'[39m,
    version: [32m'v23.9.0'[39m,
    argv: [
      [32m'/Users/jeremy/.nvm/versions/node/v23.9.0/bin/node'[39m,
      [32m'/Users/jeremy/Documents/Code/civics100/distractions/src/cli/index.ts'[39m
    ],
    memoryUsage: {
      rss: [33m307707904[39m,
      heapTotal: [33m102039552[39m,
      heapUsed: [33m73471224[39m,
      external: [33m4793057[39m,
      arrayBuffers: [33m145046[39m
    }
  },
  os: {
    loadavg: [ [33m1.8671875[39m, [33m2.31787109375[39m, [33m2.79296875[39m ],
    uptime: [33m1063018[39m
  },
  trace: [
    {
      column: [33m11[39m,
      file: [32m'/Users/jeremy/Documents/Code/civics100/distractions/src/services/similarity-service.ts'[39m,
      function: [32m'catch'[39m,
      line: [33m19[39m,
      method: [1mnull[22m,
      native: [33mfalse[39m
    },
    {
      column: [33m32[39m,
      file: [32m'/Users/jeremy/Documents/Code/civics100/node_modules/effect/src/internal/core-effect.ts'[39m,
      function: [32m'<anonymous>'[39m,
      line: [33m108[39m,
      method: [1mnull[22m,
      native: [33mfalse[39m
    },
    {
      column: [33m14[39m,
      file: [32m'/Users/jeremy/Documents/Code/civics100/node_modules/effect/src/Utils.ts'[39m,
      function: [32m'body'[39m,
      line: [33m786[39m,
      method: [1mnull[22m,
      native: [33mfalse[39m
    },
    {
      column: [33m13[39m,
      file: [32m'/Users/jeremy/Documents/Code/civics100/node_modules/effect/src/internal/core-effect.ts'[39m,
      function: [32m'<anonymous>'[39m,
      line: [33m108[39m,
      method: [1mnull[22m,
      native: [33mfalse[39m
    },
    {
      column: [33m34[39m,
      file: [32m'/Users/jeremy/Documents/Code/civics100/node_modules/effect/src/internal/fiberRuntime.ts'[39m,
      function: [32m'<anonymous>'[39m,
      line: [33m1339[39m,
      method: [1mnull[22m,
      native: [33mfalse[39m
    },
    {
      column: [33m14[39m,
      file: [32m'/Users/jeremy/Documents/Code/civics100/node_modules/effect/src/Utils.ts'[39m,
      function: [32m'body'[39m,
      line: [33m786[39m,
      method: [1mnull[22m,
      native: [33mfalse[39m
    },
    {
      column: [33m12[39m,
      file: [32m'/Users/jeremy/Documents/Code/civics100/node_modules/effect/src/internal/fiberRuntime.ts'[39m,
      function: [32m'FiberRuntime.Commit'[39m,
      line: [33m1339[39m,
      method: [32m'Commit'[39m,
      native: [33mfalse[39m
    },
    {
      column: [33m53[39m,
      file: [32m'/Users/jeremy/Documents/Code/civics100/node_modules/effect/src/internal/fiberRuntime.ts'[39m,
      function: [32m'<anonymous>'[39m,
      line: [33m1380[39m,
      method: [1mnull[22m,
      native: [33mfalse[39m
    },
    {
      column: [33m19[39m,
      file: [32m'/Users/jeremy/Documents/Code/civics100/node_modules/effect/src/internal/tracer.ts'[39m,
      function: [32m'f'[39m,
      line: [33m101[39m,
      method: [1mnull[22m,
      native: [33mfalse[39m
    },
    {
      column: [33m34[39m,
      file: [32m'/Users/jeremy/Documents/Code/civics100/node_modules/effect/src/internal/fiberRuntime.ts'[39m,
      function: [32m'runLoop'[39m,
      line: [33m1370[39m,
      method: [1mnull[22m,
      native: [33mfalse[39m
    }
  ],
  stack: [
    [32m'SimilarityError: Failed to compare sentences: sentenceSimilarity.compare is not a function'[39m,
    [32m'    at catch (/Users/jeremy/Documents/Code/civics100/distractions/src/services/similarity-service.ts:19:11)'[39m,
    [32m'    at <anonymous> (/Users/jeremy/Documents/Code/civics100/node_modules/effect/src/internal/core-effect.ts:108:32)'[39m,
    [32m'    at body (/Users/jeremy/Documents/Code/civics100/node_modules/effect/src/Utils.ts:786:14)'[39m,
    [32m'    at <anonymous> (/Users/jeremy/Documents/Code/civics100/node_modules/effect/src/internal/core-effect.ts:108:13)'[39m,
    [32m'    at <anonymous> (/Users/jeremy/Documents/Code/civics100/node_modules/effect/src/internal/fiberRuntime.ts:1339:34)'[39m,
    [32m'    at body (/Users/jeremy/Documents/Code/civics100/node_modules/effect/src/Utils.ts:786:14)'[39m,
    [32m'    at FiberRuntime.Commit (/Users/jeremy/Documents/Code/civics100/node_modules/effect/src/internal/fiberRuntime.ts:1339:12)'[39m,
    [32m'    at <anonymous> (/Users/jeremy/Documents/Code/civics100/node_modules/effect/src/internal/fiberRuntime.ts:1380:53)'[39m,
    [32m'    at f (/Users/jeremy/Documents/Code/civics100/node_modules/effect/src/internal/tracer.ts:101:19)'[39m,
    [32m'    at runLoop (/Users/jeremy/Documents/Code/civics100/node_modules/effect/src/internal/fiberRuntime.ts:1370:34)'[39m
  ]
}
[31merror[39m: [Helper] uncaughtException: Failed to compare sentences: sentenceSimilarity.compare is not a function 
{
  date: [32m'Wed Jul 02 2025 18:56:42 GMT-0700 (Pacific Daylight Time)'[39m,
  process: {
    pid: [33m81650[39m,
    uid: [33m501[39m,
    gid: [33m20[39m,
    cwd: [32m'/Users/jeremy/Documents/Code/civics100'[39m,
    execPath: [32m'/Users/jeremy/.nvm/versions/node/v23.9.0/bin/node'[39m,
    version: [32m'v23.9.0'[39m,
    argv: [
      [32m'/Users/jeremy/.nvm/versions/node/v23.9.0/bin/node'[39m,
      [32m'/Users/jeremy/Documents/Code/civics100/distractions/src/cli/index.ts'[39m
    ],
    memoryUsage: {
      rss: [33m308723712[39m,
      heapTotal: [33m102301696[39m,
      heapUsed: [33m73779928[39m,
      external: [33m4768545[39m,
      arrayBuffers: [33m145070[39m
    }
  },
  os: {
    loadavg: [ [33m1.8671875[39m, [33m2.31787109375[39m, [33m2.79296875[39m ],
    uptime: [33m1063018[39m
  },
  trace: [
    {
      column: [33m11[39m,
      file: [32m'/Users/jeremy/Documents/Code/civics100/distractions/src/services/similarity-service.ts'[39m,
      function: [32m'catch'[39m,
      line: [33m19[39m,
      method: [1mnull[22m,
      native: [33mfalse[39m
    },
    {
      column: [33m32[39m,
      file: [32m'/Users/jeremy/Documents/Code/civics100/node_modules/effect/src/internal/core-effect.ts'[39m,
      function: [32m'<anonymous>'[39m,
      line: [33m108[39m,
      method: [1mnull[22m,
      native: [33mfalse[39m
    },
    {
      column: [33m14[39m,
      file: [32m'/Users/jeremy/Documents/Code/civics100/node_modules/effect/src/Utils.ts'[39m,
      function: [32m'body'[39m,
      line: [33m786[39m,
      method: [1mnull[22m,
      native: [33mfalse[39m
    },
    {
      column: [33m13[39m,
      file: [32m'/Users/jeremy/Documents/Code/civics100/node_modules/effect/src/internal/core-effect.ts'[39m,
      function: [32m'<anonymous>'[39m,
      line: [33m108[39m,
      method: [1mnull[22m,
      native: [33mfalse[39m
    },
    {
      column: [33m34[39m,
      file: [32m'/Users/jeremy/Documents/Code/civics100/node_modules/effect/src/internal/fiberRuntime.ts'[39m,
      function: [32m'<anonymous>'[39m,
      line: [33m1339[39m,
      method: [1mnull[22m,
      native: [33mfalse[39m
    },
    {
      column: [33m14[39m,
      file: [32m'/Users/jeremy/Documents/Code/civics100/node_modules/effect/src/Utils.ts'[39m,
      function: [32m'body'[39m,
      line: [33m786[39m,
      method: [1mnull[22m,
      native: [33mfalse[39m
    },
    {
      column: [33m12[39m,
      file: [32m'/Users/jeremy/Documents/Code/civics100/node_modules/effect/src/internal/fiberRuntime.ts'[39m,
      function: [32m'FiberRuntime.Commit'[39m,
      line: [33m1339[39m,
      method: [32m'Commit'[39m,
      native: [33mfalse[39m
    },
    {
      column: [33m53[39m,
      file: [32m'/Users/jeremy/Documents/Code/civics100/node_modules/effect/src/internal/fiberRuntime.ts'[39m,
      function: [32m'<anonymous>'[39m,
      line: [33m1380[39m,
      method: [1mnull[22m,
      native: [33mfalse[39m
    },
    {
      column: [33m19[39m,
      file: [32m'/Users/jeremy/Documents/Code/civics100/node_modules/effect/src/internal/tracer.ts'[39m,
      function: [32m'f'[39m,
      line: [33m101[39m,
      method: [1mnull[22m,
      native: [33mfalse[39m
    },
    {
      column: [33m34[39m,
      file: [32m'/Users/jeremy/Documents/Code/civics100/node_modules/effect/src/internal/fiberRuntime.ts'[39m,
      function: [32m'runLoop'[39m,
      line: [33m1370[39m,
      method: [1mnull[22m,
      native: [33mfalse[39m
    }
  ],
  stack: [
    [32m'SimilarityError: Failed to compare sentences: sentenceSimilarity.compare is not a function'[39m,
    [32m'    at catch (/Users/jeremy/Documents/Code/civics100/distractions/src/services/similarity-service.ts:19:11)'[39m,
    [32m'    at <anonymous> (/Users/jeremy/Documents/Code/civics100/node_modules/effect/src/internal/core-effect.ts:108:32)'[39m,
    [32m'    at body (/Users/jeremy/Documents/Code/civics100/node_modules/effect/src/Utils.ts:786:14)'[39m,
    [32m'    at <anonymous> (/Users/jeremy/Documents/Code/civics100/node_modules/effect/src/internal/core-effect.ts:108:13)'[39m,
    [32m'    at <anonymous> (/Users/jeremy/Documents/Code/civics100/node_modules/effect/src/internal/fiberRuntime.ts:1339:34)'[39m,
    [32m'    at body (/Users/jeremy/Documents/Code/civics100/node_modules/effect/src/Utils.ts:786:14)'[39m,
    [32m'    at FiberRuntime.Commit (/Users/jeremy/Documents/Code/civics100/node_modules/effect/src/internal/fiberRuntime.ts:1339:12)'[39m,
    [32m'    at <anonymous> (/Users/jeremy/Documents/Code/civics100/node_modules/effect/src/internal/fiberRuntime.ts:1380:53)'[39m,
    [32m'    at f (/Users/jeremy/Documents/Code/civics100/node_modules/effect/src/internal/tracer.ts:101:19)'[39m,
    [32m'    at runLoop (/Users/jeremy/Documents/Code/civics100/node_modules/effect/src/internal/fiberRuntime.ts:1370:34)'[39m
  ]
}
[31merror[39m: [SbEvent] uncaughtException: Failed to compare sentences: sentenceSimilarity.compare is not a function 
{
  date: [32m'Wed Jul 02 2025 18:56:42 GMT-0700 (Pacific Daylight Time)'[39m,
  process: {
    pid: [33m81650[39m,
    uid: [33m501[39m,
    gid: [33m20[39m,
    cwd: [32m'/Users/jeremy/Documents/Code/civics100'[39m,
    execPath: [32m'/Users/jeremy/.nvm/versions/node/v23.9.0/bin/node'[39m,
    version: [32m'v23.9.0'[39m,
    argv: [
      [32m'/Users/jeremy/.nvm/versions/node/v23.9.0/bin/node'[39m,
      [32m'/Users/jeremy/Documents/Code/civics100/distractions/src/cli/index.ts'[39m
    ],
    memoryUsage: {
      rss: [33m308740096[39m,
      heapTotal: [33m102301696[39m,
      heapUsed: [33m73918944[39m,
      external: [33m4768545[39m,
      arrayBuffers: [33m145070[39m
    }
  },
  os: {
    loadavg: [ [33m1.8671875[39m, [33m2.31787109375[39m, [33m2.79296875[39m ],
    uptime: [33m1063018[39m
  },
  trace: [
    {
      column: [33m11[39m,
      file: [32m'/Users/jeremy/Documents/Code/civics100/distractions/src/services/similarity-service.ts'[39m,
      function: [32m'catch'[39m,
      line: [33m19[39m,
      method: [1mnull[22m,
      native: [33mfalse[39m
    },
    {
      column: [33m32[39m,
      file: [32m'/Users/jeremy/Documents/Code/civics100/node_modules/effect/src/internal/core-effect.ts'[39m,
      function: [32m'<anonymous>'[39m,
      line: [33m108[39m,
      method: [1mnull[22m,
      native: [33mfalse[39m
    },
    {
      column: [33m14[39m,
      file: [32m'/Users/jeremy/Documents/Code/civics100/node_modules/effect/src/Utils.ts'[39m,
      function: [32m'body'[39m,
      line: [33m786[39m,
      method: [1mnull[22m,
      native: [33mfalse[39m
    },
    {
      column: [33m13[39m,
      file: [32m'/Users/jeremy/Documents/Code/civics100/node_modules/effect/src/internal/core-effect.ts'[39m,
      function: [32m'<anonymous>'[39m,
      line: [33m108[39m,
      method: [1mnull[22m,
      native: [33mfalse[39m
    },
    {
      column: [33m34[39m,
      file: [32m'/Users/jeremy/Documents/Code/civics100/node_modules/effect/src/internal/fiberRuntime.ts'[39m,
      function: [32m'<anonymous>'[39m,
      line: [33m1339[39m,
      method: [1mnull[22m,
      native: [33mfalse[39m
    },
    {
      column: [33m14[39m,
      file: [32m'/Users/jeremy/Documents/Code/civics100/node_modules/effect/src/Utils.ts'[39m,
      function: [32m'body'[39m,
      line: [33m786[39m,
      method: [1mnull[22m,
      native: [33mfalse[39m
    },
    {
      column: [33m12[39m,
      file: [32m'/Users/jeremy/Documents/Code/civics100/node_modules/effect/src/internal/fiberRuntime.ts'[39m,
      function: [32m'FiberRuntime.Commit'[39m,
      line: [33m1339[39m,
      method: [32m'Commit'[39m,
      native: [33mfalse[39m
    },
    {
      column: [33m53[39m,
      file: [32m'/Users/jeremy/Documents/Code/civics100/node_modules/effect/src/internal/fiberRuntime.ts'[39m,
      function: [32m'<anonymous>'[39m,
      line: [33m1380[39m,
      method: [1mnull[22m,
      native: [33mfalse[39m
    },
    {
      column: [33m19[39m,
      file: [32m'/Users/jeremy/Documents/Code/civics100/node_modules/effect/src/internal/tracer.ts'[39m,
      function: [32m'f'[39m,
      line: [33m101[39m,
      method: [1mnull[22m,
      native: [33mfalse[39m
    },
    {
      column: [33m34[39m,
      file: [32m'/Users/jeremy/Documents/Code/civics100/node_modules/effect/src/internal/fiberRuntime.ts'[39m,
      function: [32m'runLoop'[39m,
      line: [33m1370[39m,
      method: [1mnull[22m,
      native: [33mfalse[39m
    }
  ],
  stack: [
    [32m'SimilarityError: Failed to compare sentences: sentenceSimilarity.compare is not a function'[39m,
    [32m'    at catch (/Users/jeremy/Documents/Code/civics100/distractions/src/services/similarity-service.ts:19:11)'[39m,
    [32m'    at <anonymous> (/Users/jeremy/Documents/Code/civics100/node_modules/effect/src/internal/core-effect.ts:108:32)'[39m,
    [32m'    at body (/Users/jeremy/Documents/Code/civics100/node_modules/effect/src/Utils.ts:786:14)'[39m,
    [32m'    at <anonymous> (/Users/jeremy/Documents/Code/civics100/node_modules/effect/src/internal/core-effect.ts:108:13)'[39m,
    [32m'    at <anonymous> (/Users/jeremy/Documents/Code/civics100/node_modules/effect/src/internal/fiberRuntime.ts:1339:34)'[39m,
    [32m'    at body (/Users/jeremy/Documents/Code/civics100/node_modules/effect/src/Utils.ts:786:14)'[39m,
    [32m'    at FiberRuntime.Commit (/Users/jeremy/Documents/Code/civics100/node_modules/effect/src/internal/fiberRuntime.ts:1339:12)'[39m,
    [32m'    at <anonymous> (/Users/jeremy/Documents/Code/civics100/node_modules/effect/src/internal/fiberRuntime.ts:1380:53)'[39m,
    [32m'    at f (/Users/jeremy/Documents/Code/civics100/node_modules/effect/src/internal/tracer.ts:101:19)'[39m,
    [32m'    at runLoop (/Users/jeremy/Documents/Code/civics100/node_modules/effect/src/internal/fiberRuntime.ts:1370:34)'[39m
  ]
}
[31merror[39m: [ExitHandler] uncaughtException: Failed to compare sentences: sentenceSimilarity.compare is not a function 
{
  date: [32m'Wed Jul 02 2025 18:56:42 GMT-0700 (Pacific Daylight Time)'[39m,
  process: {
    pid: [33m81650[39m,
    uid: [33m501[39m,
    gid: [33m20[39m,
    cwd: [32m'/Users/jeremy/Documents/Code/civics100'[39m,
    execPath: [32m'/Users/jeremy/.nvm/versions/node/v23.9.0/bin/node'[39m,
    version: [32m'v23.9.0'[39m,
    argv: [
      [32m'/Users/jeremy/.nvm/versions/node/v23.9.0/bin/node'[39m,
      [32m'/Users/jeremy/Documents/Code/civics100/distractions/src/cli/index.ts'[39m
    ],
    memoryUsage: {
      rss: [33m308985856[39m,
      heapTotal: [33m102301696[39m,
      heapUsed: [33m74068112[39m,
      external: [33m4768545[39m,
      arrayBuffers: [33m145070[39m
    }
  },
  os: {
    loadavg: [ [33m1.8671875[39m, [33m2.31787109375[39m, [33m2.79296875[39m ],
    uptime: [33m1063018[39m
  },
  trace: [
    {
      column: [33m11[39m,
      file: [32m'/Users/jeremy/Documents/Code/civics100/distractions/src/services/similarity-service.ts'[39m,
      function: [32m'catch'[39m,
      line: [33m19[39m,
      method: [1mnull[22m,
      native: [33mfalse[39m
    },
    {
      column: [33m32[39m,
      file: [32m'/Users/jeremy/Documents/Code/civics100/node_modules/effect/src/internal/core-effect.ts'[39m,
      function: [32m'<anonymous>'[39m,
      line: [33m108[39m,
      method: [1mnull[22m,
      native: [33mfalse[39m
    },
    {
      column: [33m14[39m,
      file: [32m'/Users/jeremy/Documents/Code/civics100/node_modules/effect/src/Utils.ts'[39m,
      function: [32m'body'[39m,
      line: [33m786[39m,
      method: [1mnull[22m,
      native: [33mfalse[39m
    },
    {
      column: [33m13[39m,
      file: [32m'/Users/jeremy/Documents/Code/civics100/node_modules/effect/src/internal/core-effect.ts'[39m,
      function: [32m'<anonymous>'[39m,
      line: [33m108[39m,
      method: [1mnull[22m,
      native: [33mfalse[39m
    },
    {
      column: [33m34[39m,
      file: [32m'/Users/jeremy/Documents/Code/civics100/node_modules/effect/src/internal/fiberRuntime.ts'[39m,
      function: [32m'<anonymous>'[39m,
      line: [33m1339[39m,
      method: [1mnull[22m,
      native: [33mfalse[39m
    },
    {
      column: [33m14[39m,
      file: [32m'/Users/jeremy/Documents/Code/civics100/node_modules/effect/src/Utils.ts'[39m,
      function: [32m'body'[39m,
      line: [33m786[39m,
      method: [1mnull[22m,
      native: [33mfalse[39m
    },
    {
      column: [33m12[39m,
      file: [32m'/Users/jeremy/Documents/Code/civics100/node_modules/effect/src/internal/fiberRuntime.ts'[39m,
      function: [32m'FiberRuntime.Commit'[39m,
      line: [33m1339[39m,
      method: [32m'Commit'[39m,
      native: [33mfalse[39m
    },
    {
      column: [33m53[39m,
      file: [32m'/Users/jeremy/Documents/Code/civics100/node_modules/effect/src/internal/fiberRuntime.ts'[39m,
      function: [32m'<anonymous>'[39m,
      line: [33m1380[39m,
      method: [1mnull[22m,
      native: [33mfalse[39m
    },
    {
      column: [33m19[39m,
      file: [32m'/Users/jeremy/Documents/Code/civics100/node_modules/effect/src/internal/tracer.ts'[39m,
      function: [32m'f'[39m,
      line: [33m101[39m,
      method: [1mnull[22m,
      native: [33mfalse[39m
    },
    {
      column: [33m34[39m,
      file: [32m'/Users/jeremy/Documents/Code/civics100/node_modules/effect/src/internal/fiberRuntime.ts'[39m,
      function: [32m'runLoop'[39m,
      line: [33m1370[39m,
      method: [1mnull[22m,
      native: [33mfalse[39m
    }
  ],
  stack: [
    [32m'SimilarityError: Failed to compare sentences: sentenceSimilarity.compare is not a function'[39m,
    [32m'    at catch (/Users/jeremy/Documents/Code/civics100/distractions/src/services/similarity-service.ts:19:11)'[39m,
    [32m'    at <anonymous> (/Users/jeremy/Documents/Code/civics100/node_modules/effect/src/internal/core-effect.ts:108:32)'[39m,
    [32m'    at body (/Users/jeremy/Documents/Code/civics100/node_modules/effect/src/Utils.ts:786:14)'[39m,
    [32m'    at <anonymous> (/Users/jeremy/Documents/Code/civics100/node_modules/effect/src/internal/core-effect.ts:108:13)'[39m,
    [32m'    at <anonymous> (/Users/jeremy/Documents/Code/civics100/node_modules/effect/src/internal/fiberRuntime.ts:1339:34)'[39m,
    [32m'    at body (/Users/jeremy/Documents/Code/civics100/node_modules/effect/src/Utils.ts:786:14)'[39m,
    [32m'    at FiberRuntime.Commit (/Users/jeremy/Documents/Code/civics100/node_modules/effect/src/internal/fiberRuntime.ts:1339:12)'[39m,
    [32m'    at <anonymous> (/Users/jeremy/Documents/Code/civics100/node_modules/effect/src/internal/fiberRuntime.ts:1380:53)'[39m,
    [32m'    at f (/Users/jeremy/Documents/Code/civics100/node_modules/effect/src/internal/tracer.ts:101:19)'[39m,
    [32m'    at runLoop (/Users/jeremy/Documents/Code/civics100/node_modules/effect/src/internal/fiberRuntime.ts:1370:34)'[39m
  ]
}
[31merror[39m: [CreateMappingConfig] uncaughtException: Failed to compare sentences: sentenceSimilarity.compare is not a function 
{
  date: [32m'Wed Jul 02 2025 18:58:41 GMT-0700 (Pacific Daylight Time)'[39m,
  process: {
    pid: [33m519[39m,
    uid: [33m501[39m,
    gid: [33m20[39m,
    cwd: [32m'/Users/jeremy/Documents/Code/civics100'[39m,
    execPath: [32m'/Users/jeremy/.nvm/versions/node/v23.9.0/bin/node'[39m,
    version: [32m'v23.9.0'[39m,
    argv: [
      [32m'/Users/jeremy/.nvm/versions/node/v23.9.0/bin/node'[39m,
      [32m'/Users/jeremy/Documents/Code/civics100/distractions/src/cli/index.ts'[39m
    ],
    memoryUsage: {
      rss: [33m297615360[39m,
      heapTotal: [33m100728832[39m,
      heapUsed: [33m70776072[39m,
      external: [33m4796247[39m,
      arrayBuffers: [33m145046[39m
    }
  },
  os: {
    loadavg: [ [33m1.76123046875[39m, [33m2.1533203125[39m, [33m2.66552734375[39m ],
    uptime: [33m1063137[39m
  },
  trace: [
    {
      column: [33m11[39m,
      file: [32m'/Users/jeremy/Documents/Code/civics100/distractions/src/services/similarity-service.ts'[39m,
      function: [32m'catch'[39m,
      line: [33m19[39m,
      method: [1mnull[22m,
      native: [33mfalse[39m
    },
    {
      column: [33m32[39m,
      file: [32m'/Users/jeremy/Documents/Code/civics100/node_modules/effect/src/internal/core-effect.ts'[39m,
      function: [32m'<anonymous>'[39m,
      line: [33m108[39m,
      method: [1mnull[22m,
      native: [33mfalse[39m
    },
    {
      column: [33m14[39m,
      file: [32m'/Users/jeremy/Documents/Code/civics100/node_modules/effect/src/Utils.ts'[39m,
      function: [32m'body'[39m,
      line: [33m786[39m,
      method: [1mnull[22m,
      native: [33mfalse[39m
    },
    {
      column: [33m13[39m,
      file: [32m'/Users/jeremy/Documents/Code/civics100/node_modules/effect/src/internal/core-effect.ts'[39m,
      function: [32m'<anonymous>'[39m,
      line: [33m108[39m,
      method: [1mnull[22m,
      native: [33mfalse[39m
    },
    {
      column: [33m34[39m,
      file: [32m'/Users/jeremy/Documents/Code/civics100/node_modules/effect/src/internal/fiberRuntime.ts'[39m,
      function: [32m'<anonymous>'[39m,
      line: [33m1339[39m,
      method: [1mnull[22m,
      native: [33mfalse[39m
    },
    {
      column: [33m14[39m,
      file: [32m'/Users/jeremy/Documents/Code/civics100/node_modules/effect/src/Utils.ts'[39m,
      function: [32m'body'[39m,
      line: [33m786[39m,
      method: [1mnull[22m,
      native: [33mfalse[39m
    },
    {
      column: [33m12[39m,
      file: [32m'/Users/jeremy/Documents/Code/civics100/node_modules/effect/src/internal/fiberRuntime.ts'[39m,
      function: [32m'FiberRuntime.Commit'[39m,
      line: [33m1339[39m,
      method: [32m'Commit'[39m,
      native: [33mfalse[39m
    },
    {
      column: [33m53[39m,
      file: [32m'/Users/jeremy/Documents/Code/civics100/node_modules/effect/src/internal/fiberRuntime.ts'[39m,
      function: [32m'<anonymous>'[39m,
      line: [33m1380[39m,
      method: [1mnull[22m,
      native: [33mfalse[39m
    },
    {
      column: [33m19[39m,
      file: [32m'/Users/jeremy/Documents/Code/civics100/node_modules/effect/src/internal/tracer.ts'[39m,
      function: [32m'f'[39m,
      line: [33m101[39m,
      method: [1mnull[22m,
      native: [33mfalse[39m
    },
    {
      column: [33m34[39m,
      file: [32m'/Users/jeremy/Documents/Code/civics100/node_modules/effect/src/internal/fiberRuntime.ts'[39m,
      function: [32m'runLoop'[39m,
      line: [33m1370[39m,
      method: [1mnull[22m,
      native: [33mfalse[39m
    }
  ],
  stack: [
    [32m'SimilarityError: Failed to compare sentences: sentenceSimilarity.compare is not a function'[39m,
    [32m'    at catch (/Users/jeremy/Documents/Code/civics100/distractions/src/services/similarity-service.ts:19:11)'[39m,
    [32m'    at <anonymous> (/Users/jeremy/Documents/Code/civics100/node_modules/effect/src/internal/core-effect.ts:108:32)'[39m,
    [32m'    at body (/Users/jeremy/Documents/Code/civics100/node_modules/effect/src/Utils.ts:786:14)'[39m,
    [32m'    at <anonymous> (/Users/jeremy/Documents/Code/civics100/node_modules/effect/src/internal/core-effect.ts:108:13)'[39m,
    [32m'    at <anonymous> (/Users/jeremy/Documents/Code/civics100/node_modules/effect/src/internal/fiberRuntime.ts:1339:34)'[39m,
    [32m'    at body (/Users/jeremy/Documents/Code/civics100/node_modules/effect/src/Utils.ts:786:14)'[39m,
    [32m'    at FiberRuntime.Commit (/Users/jeremy/Documents/Code/civics100/node_modules/effect/src/internal/fiberRuntime.ts:1339:12)'[39m,
    [32m'    at <anonymous> (/Users/jeremy/Documents/Code/civics100/node_modules/effect/src/internal/fiberRuntime.ts:1380:53)'[39m,
    [32m'    at f (/Users/jeremy/Documents/Code/civics100/node_modules/effect/src/internal/tracer.ts:101:19)'[39m,
    [32m'    at runLoop (/Users/jeremy/Documents/Code/civics100/node_modules/effect/src/internal/fiberRuntime.ts:1370:34)'[39m
  ]
}
[31merror[39m: [SbEvent] uncaughtException: Failed to compare sentences: sentenceSimilarity.compare is not a function 
{
  date: [32m'Wed Jul 02 2025 18:58:41 GMT-0700 (Pacific Daylight Time)'[39m,
  process: {
    pid: [33m519[39m,
    uid: [33m501[39m,
    gid: [33m20[39m,
    cwd: [32m'/Users/jeremy/Documents/Code/civics100'[39m,
    execPath: [32m'/Users/jeremy/.nvm/versions/node/v23.9.0/bin/node'[39m,
    version: [32m'v23.9.0'[39m,
    argv: [
      [32m'/Users/jeremy/.nvm/versions/node/v23.9.0/bin/node'[39m,
      [32m'/Users/jeremy/Documents/Code/civics100/distractions/src/cli/index.ts'[39m
    ],
    memoryUsage: {
      rss: [33m297779200[39m,
      heapTotal: [33m100990976[39m,
      heapUsed: [33m71221168[39m,
      external: [33m4771735[39m,
      arrayBuffers: [33m145070[39m
    }
  },
  os: {
    loadavg: [ [33m1.76123046875[39m, [33m2.1533203125[39m, [33m2.66552734375[39m ],
    uptime: [33m1063137[39m
  },
  trace: [
    {
      column: [33m11[39m,
      file: [32m'/Users/jeremy/Documents/Code/civics100/distractions/src/services/similarity-service.ts'[39m,
      function: [32m'catch'[39m,
      line: [33m19[39m,
      method: [1mnull[22m,
      native: [33mfalse[39m
    },
    {
      column: [33m32[39m,
      file: [32m'/Users/jeremy/Documents/Code/civics100/node_modules/effect/src/internal/core-effect.ts'[39m,
      function: [32m'<anonymous>'[39m,
      line: [33m108[39m,
      method: [1mnull[22m,
      native: [33mfalse[39m
    },
    {
      column: [33m14[39m,
      file: [32m'/Users/jeremy/Documents/Code/civics100/node_modules/effect/src/Utils.ts'[39m,
      function: [32m'body'[39m,
      line: [33m786[39m,
      method: [1mnull[22m,
      native: [33mfalse[39m
    },
    {
      column: [33m13[39m,
      file: [32m'/Users/jeremy/Documents/Code/civics100/node_modules/effect/src/internal/core-effect.ts'[39m,
      function: [32m'<anonymous>'[39m,
      line: [33m108[39m,
      method: [1mnull[22m,
      native: [33mfalse[39m
    },
    {
      column: [33m34[39m,
      file: [32m'/Users/jeremy/Documents/Code/civics100/node_modules/effect/src/internal/fiberRuntime.ts'[39m,
      function: [32m'<anonymous>'[39m,
      line: [33m1339[39m,
      method: [1mnull[22m,
      native: [33mfalse[39m
    },
    {
      column: [33m14[39m,
      file: [32m'/Users/jeremy/Documents/Code/civics100/node_modules/effect/src/Utils.ts'[39m,
      function: [32m'body'[39m,
      line: [33m786[39m,
      method: [1mnull[22m,
      native: [33mfalse[39m
    },
    {
      column: [33m12[39m,
      file: [32m'/Users/jeremy/Documents/Code/civics100/node_modules/effect/src/internal/fiberRuntime.ts'[39m,
      function: [32m'FiberRuntime.Commit'[39m,
      line: [33m1339[39m,
      method: [32m'Commit'[39m,
      native: [33mfalse[39m
    },
    {
      column: [33m53[39m,
      file: [32m'/Users/jeremy/Documents/Code/civics100/node_modules/effect/src/internal/fiberRuntime.ts'[39m,
      function: [32m'<anonymous>'[39m,
      line: [33m1380[39m,
      method: [1mnull[22m,
      native: [33mfalse[39m
    },
    {
      column: [33m19[39m,
      file: [32m'/Users/jeremy/Documents/Code/civics100/node_modules/effect/src/internal/tracer.ts'[39m,
      function: [32m'f'[39m,
      line: [33m101[39m,
      method: [1mnull[22m,
      native: [33mfalse[39m
    },
    {
      column: [33m34[39m,
      file: [32m'/Users/jeremy/Documents/Code/civics100/node_modules/effect/src/internal/fiberRuntime.ts'[39m,
      function: [32m'runLoop'[39m,
      line: [33m1370[39m,
      method: [1mnull[22m,
      native: [33mfalse[39m
    }
  ],
  stack: [
    [32m'SimilarityError: Failed to compare sentences: sentenceSimilarity.compare is not a function'[39m,
    [32m'    at catch (/Users/jeremy/Documents/Code/civics100/distractions/src/services/similarity-service.ts:19:11)'[39m,
    [32m'    at <anonymous> (/Users/jeremy/Documents/Code/civics100/node_modules/effect/src/internal/core-effect.ts:108:32)'[39m,
    [32m'    at body (/Users/jeremy/Documents/Code/civics100/node_modules/effect/src/Utils.ts:786:14)'[39m,
    [32m'    at <anonymous> (/Users/jeremy/Documents/Code/civics100/node_modules/effect/src/internal/core-effect.ts:108:13)'[39m,
    [32m'    at <anonymous> (/Users/jeremy/Documents/Code/civics100/node_modules/effect/src/internal/fiberRuntime.ts:1339:34)'[39m,
    [32m'    at body (/Users/jeremy/Documents/Code/civics100/node_modules/effect/src/Utils.ts:786:14)'[39m,
    [32m'    at FiberRuntime.Commit (/Users/jeremy/Documents/Code/civics100/node_modules/effect/src/internal/fiberRuntime.ts:1339:12)'[39m,
    [32m'    at <anonymous> (/Users/jeremy/Documents/Code/civics100/node_modules/effect/src/internal/fiberRuntime.ts:1380:53)'[39m,
    [32m'    at f (/Users/jeremy/Documents/Code/civics100/node_modules/effect/src/internal/tracer.ts:101:19)'[39m,
    [32m'    at runLoop (/Users/jeremy/Documents/Code/civics100/node_modules/effect/src/internal/fiberRuntime.ts:1370:34)'[39m
  ]
}
[31merror[39m: [Helper] uncaughtException: Failed to compare sentences: sentenceSimilarity.compare is not a function 
{
  date: [32m'Wed Jul 02 2025 18:58:41 GMT-0700 (Pacific Daylight Time)'[39m,
  process: {
    pid: [33m519[39m,
    uid: [33m501[39m,
    gid: [33m20[39m,
    cwd: [32m'/Users/jeremy/Documents/Code/civics100'[39m,
    execPath: [32m'/Users/jeremy/.nvm/versions/node/v23.9.0/bin/node'[39m,
    version: [32m'v23.9.0'[39m,
    argv: [
      [32m'/Users/jeremy/.nvm/versions/node/v23.9.0/bin/node'[39m,
      [32m'/Users/jeremy/Documents/Code/civics100/distractions/src/cli/index.ts'[39m
    ],
    memoryUsage: {
      rss: [33m297779200[39m,
      heapTotal: [33m100990976[39m,
      heapUsed: [33m71082160[39m,
      external: [33m4771735[39m,
      arrayBuffers: [33m145070[39m
    }
  },
  os: {
    loadavg: [ [33m1.76123046875[39m, [33m2.1533203125[39m, [33m2.66552734375[39m ],
    uptime: [33m1063137[39m
  },
  trace: [
    {
      column: [33m11[39m,
      file: [32m'/Users/jeremy/Documents/Code/civics100/distractions/src/services/similarity-service.ts'[39m,
      function: [32m'catch'[39m,
      line: [33m19[39m,
      method: [1mnull[22m,
      native: [33mfalse[39m
    },
    {
      column: [33m32[39m,
      file: [32m'/Users/jeremy/Documents/Code/civics100/node_modules/effect/src/internal/core-effect.ts'[39m,
      function: [32m'<anonymous>'[39m,
      line: [33m108[39m,
      method: [1mnull[22m,
      native: [33mfalse[39m
    },
    {
      column: [33m14[39m,
      file: [32m'/Users/jeremy/Documents/Code/civics100/node_modules/effect/src/Utils.ts'[39m,
      function: [32m'body'[39m,
      line: [33m786[39m,
      method: [1mnull[22m,
      native: [33mfalse[39m
    },
    {
      column: [33m13[39m,
      file: [32m'/Users/jeremy/Documents/Code/civics100/node_modules/effect/src/internal/core-effect.ts'[39m,
      function: [32m'<anonymous>'[39m,
      line: [33m108[39m,
      method: [1mnull[22m,
      native: [33mfalse[39m
    },
    {
      column: [33m34[39m,
      file: [32m'/Users/jeremy/Documents/Code/civics100/node_modules/effect/src/internal/fiberRuntime.ts'[39m,
      function: [32m'<anonymous>'[39m,
      line: [33m1339[39m,
      method: [1mnull[22m,
      native: [33mfalse[39m
    },
    {
      column: [33m14[39m,
      file: [32m'/Users/jeremy/Documents/Code/civics100/node_modules/effect/src/Utils.ts'[39m,
      function: [32m'body'[39m,
      line: [33m786[39m,
      method: [1mnull[22m,
      native: [33mfalse[39m
    },
    {
      column: [33m12[39m,
      file: [32m'/Users/jeremy/Documents/Code/civics100/node_modules/effect/src/internal/fiberRuntime.ts'[39m,
      function: [32m'FiberRuntime.Commit'[39m,
      line: [33m1339[39m,
      method: [32m'Commit'[39m,
      native: [33mfalse[39m
    },
    {
      column: [33m53[39m,
      file: [32m'/Users/jeremy/Documents/Code/civics100/node_modules/effect/src/internal/fiberRuntime.ts'[39m,
      function: [32m'<anonymous>'[39m,
      line: [33m1380[39m,
      method: [1mnull[22m,
      native: [33mfalse[39m
    },
    {
      column: [33m19[39m,
      file: [32m'/Users/jeremy/Documents/Code/civics100/node_modules/effect/src/internal/tracer.ts'[39m,
      function: [32m'f'[39m,
      line: [33m101[39m,
      method: [1mnull[22m,
      native: [33mfalse[39m
    },
    {
      column: [33m34[39m,
      file: [32m'/Users/jeremy/Documents/Code/civics100/node_modules/effect/src/internal/fiberRuntime.ts'[39m,
      function: [32m'runLoop'[39m,
      line: [33m1370[39m,
      method: [1mnull[22m,
      native: [33mfalse[39m
    }
  ],
  stack: [
    [32m'SimilarityError: Failed to compare sentences: sentenceSimilarity.compare is not a function'[39m,
    [32m'    at catch (/Users/jeremy/Documents/Code/civics100/distractions/src/services/similarity-service.ts:19:11)'[39m,
    [32m'    at <anonymous> (/Users/jeremy/Documents/Code/civics100/node_modules/effect/src/internal/core-effect.ts:108:32)'[39m,
    [32m'    at body (/Users/jeremy/Documents/Code/civics100/node_modules/effect/src/Utils.ts:786:14)'[39m,
    [32m'    at <anonymous> (/Users/jeremy/Documents/Code/civics100/node_modules/effect/src/internal/core-effect.ts:108:13)'[39m,
    [32m'    at <anonymous> (/Users/jeremy/Documents/Code/civics100/node_modules/effect/src/internal/fiberRuntime.ts:1339:34)'[39m,
    [32m'    at body (/Users/jeremy/Documents/Code/civics100/node_modules/effect/src/Utils.ts:786:14)'[39m,
    [32m'    at FiberRuntime.Commit (/Users/jeremy/Documents/Code/civics100/node_modules/effect/src/internal/fiberRuntime.ts:1339:12)'[39m,
    [32m'    at <anonymous> (/Users/jeremy/Documents/Code/civics100/node_modules/effect/src/internal/fiberRuntime.ts:1380:53)'[39m,
    [32m'    at f (/Users/jeremy/Documents/Code/civics100/node_modules/effect/src/internal/tracer.ts:101:19)'[39m,
    [32m'    at runLoop (/Users/jeremy/Documents/Code/civics100/node_modules/effect/src/internal/fiberRuntime.ts:1370:34)'[39m
  ]
}
[31merror[39m: [ExitHandler] uncaughtException: Failed to compare sentences: sentenceSimilarity.compare is not a function 
{
  date: [32m'Wed Jul 02 2025 18:58:41 GMT-0700 (Pacific Daylight Time)'[39m,
  process: {
    pid: [33m519[39m,
    uid: [33m501[39m,
    gid: [33m20[39m,
    cwd: [32m'/Users/jeremy/Documents/Code/civics100'[39m,
    execPath: [32m'/Users/jeremy/.nvm/versions/node/v23.9.0/bin/node'[39m,
    version: [32m'v23.9.0'[39m,
    argv: [
      [32m'/Users/jeremy/.nvm/versions/node/v23.9.0/bin/node'[39m,
      [32m'/Users/jeremy/Documents/Code/civics100/distractions/src/cli/index.ts'[39m
    ],
    memoryUsage: {
      rss: [33m297795584[39m,
      heapTotal: [33m100990976[39m,
      heapUsed: [33m71370328[39m,
      external: [33m4771735[39m,
      arrayBuffers: [33m145070[39m
    }
  },
  os: {
    loadavg: [ [33m1.76123046875[39m, [33m2.1533203125[39m, [33m2.66552734375[39m ],
    uptime: [33m1063137[39m
  },
  trace: [
    {
      column: [33m11[39m,
      file: [32m'/Users/jeremy/Documents/Code/civics100/distractions/src/services/similarity-service.ts'[39m,
      function: [32m'catch'[39m,
      line: [33m19[39m,
      method: [1mnull[22m,
      native: [33mfalse[39m
    },
    {
      column: [33m32[39m,
      file: [32m'/Users/jeremy/Documents/Code/civics100/node_modules/effect/src/internal/core-effect.ts'[39m,
      function: [32m'<anonymous>'[39m,
      line: [33m108[39m,
      method: [1mnull[22m,
      native: [33mfalse[39m
    },
    {
      column: [33m14[39m,
      file: [32m'/Users/jeremy/Documents/Code/civics100/node_modules/effect/src/Utils.ts'[39m,
      function: [32m'body'[39m,
      line: [33m786[39m,
      method: [1mnull[22m,
      native: [33mfalse[39m
    },
    {
      column: [33m13[39m,
      file: [32m'/Users/jeremy/Documents/Code/civics100/node_modules/effect/src/internal/core-effect.ts'[39m,
      function: [32m'<anonymous>'[39m,
      line: [33m108[39m,
      method: [1mnull[22m,
      native: [33mfalse[39m
    },
    {
      column: [33m34[39m,
      file: [32m'/Users/jeremy/Documents/Code/civics100/node_modules/effect/src/internal/fiberRuntime.ts'[39m,
      function: [32m'<anonymous>'[39m,
      line: [33m1339[39m,
      method: [1mnull[22m,
      native: [33mfalse[39m
    },
    {
      column: [33m14[39m,
      file: [32m'/Users/jeremy/Documents/Code/civics100/node_modules/effect/src/Utils.ts'[39m,
      function: [32m'body'[39m,
      line: [33m786[39m,
      method: [1mnull[22m,
      native: [33mfalse[39m
    },
    {
      column: [33m12[39m,
      file: [32m'/Users/jeremy/Documents/Code/civics100/node_modules/effect/src/internal/fiberRuntime.ts'[39m,
      function: [32m'FiberRuntime.Commit'[39m,
      line: [33m1339[39m,
      method: [32m'Commit'[39m,
      native: [33mfalse[39m
    },
    {
      column: [33m53[39m,
      file: [32m'/Users/jeremy/Documents/Code/civics100/node_modules/effect/src/internal/fiberRuntime.ts'[39m,
      function: [32m'<anonymous>'[39m,
      line: [33m1380[39m,
      method: [1mnull[22m,
      native: [33mfalse[39m
    },
    {
      column: [33m19[39m,
      file: [32m'/Users/jeremy/Documents/Code/civics100/node_modules/effect/src/internal/tracer.ts'[39m,
      function: [32m'f'[39m,
      line: [33m101[39m,
      method: [1mnull[22m,
      native: [33mfalse[39m
    },
    {
      column: [33m34[39m,
      file: [32m'/Users/jeremy/Documents/Code/civics100/node_modules/effect/src/internal/fiberRuntime.ts'[39m,
      function: [32m'runLoop'[39m,
      line: [33m1370[39m,
      method: [1mnull[22m,
      native: [33mfalse[39m
    }
  ],
  stack: [
    [32m'SimilarityError: Failed to compare sentences: sentenceSimilarity.compare is not a function'[39m,
    [32m'    at catch (/Users/jeremy/Documents/Code/civics100/distractions/src/services/similarity-service.ts:19:11)'[39m,
    [32m'    at <anonymous> (/Users/jeremy/Documents/Code/civics100/node_modules/effect/src/internal/core-effect.ts:108:32)'[39m,
    [32m'    at body (/Users/jeremy/Documents/Code/civics100/node_modules/effect/src/Utils.ts:786:14)'[39m,
    [32m'    at <anonymous> (/Users/jeremy/Documents/Code/civics100/node_modules/effect/src/internal/core-effect.ts:108:13)'[39m,
    [32m'    at <anonymous> (/Users/jeremy/Documents/Code/civics100/node_modules/effect/src/internal/fiberRuntime.ts:1339:34)'[39m,
    [32m'    at body (/Users/jeremy/Documents/Code/civics100/node_modules/effect/src/Utils.ts:786:14)'[39m,
    [32m'    at FiberRuntime.Commit (/Users/jeremy/Documents/Code/civics100/node_modules/effect/src/internal/fiberRuntime.ts:1339:12)'[39m,
    [32m'    at <anonymous> (/Users/jeremy/Documents/Code/civics100/node_modules/effect/src/internal/fiberRuntime.ts:1380:53)'[39m,
    [32m'    at f (/Users/jeremy/Documents/Code/civics100/node_modules/effect/src/internal/tracer.ts:101:19)'[39m,
    [32m'    at runLoop (/Users/jeremy/Documents/Code/civics100/node_modules/effect/src/internal/fiberRuntime.ts:1370:34)'[39m
  ]
}
